2025-11-26 00:18:13 [ERROR]: GET /tahun-ajaran: Akses ditolak. Hanya Admin yang dapat mengakses. {"code":403,"message":"Akses ditolak. Hanya Admin yang dapat mengakses.","isSuccess":false}
2025-11-26 00:18:18 [ERROR]: GET /tahun-ajaran: Akses ditolak. Hanya Admin yang dapat mengakses. {"code":403,"message":"Akses ditolak. Hanya Admin yang dapat mengakses.","isSuccess":false}
2025-11-26 00:18:29 [ERROR]: GET /tahun-ajaran: Akses ditolak. Hanya Admin yang dapat mengakses. {"code":403,"message":"Akses ditolak. Hanya Admin yang dapat mengakses.","isSuccess":false}
2025-11-26 00:18:34 [ERROR]: GET /tahun-ajaran: Akses ditolak. Hanya Admin yang dapat mengakses. {"code":403,"message":"Akses ditolak. Hanya Admin yang dapat mengakses.","isSuccess":false}
2025-11-27 15:27:37 [ERROR]: POST /siswa: Token tidak ditemukan. Silakan login terlebih dahulu. {"code":401,"message":"Token tidak ditemukan. Silakan login terlebih dahulu.","isSuccess":false}
2025-11-27 15:27:37 [ERROR]: POST /auth/signin: Username dan password dibutuhkan {"code":400,"message":"Username dan password dibutuhkan","isSuccess":false}
2025-11-27 15:27:37 [ERROR]: POST /auth/signin: Username dan password dibutuhkan {"code":400,"message":"Username dan password dibutuhkan","isSuccess":false}
2025-11-27 15:27:38 [ERROR]: POST /siswa: Token tidak ditemukan. Silakan login terlebih dahulu. {"code":401,"message":"Token tidak ditemukan. Silakan login terlebih dahulu.","isSuccess":false}
2025-11-27 15:27:38 [ERROR]: POST /siswa: Token tidak ditemukan. Silakan login terlebih dahulu. {"code":401,"message":"Token tidak ditemukan. Silakan login terlebih dahulu.","isSuccess":false}
2025-11-27 15:27:38 [ERROR]: POST /guru: Token tidak ditemukan. Silakan login terlebih dahulu. {"code":401,"message":"Token tidak ditemukan. Silakan login terlebih dahulu.","isSuccess":false}
2025-11-27 15:27:38 [ERROR]: POST /guru: Token tidak ditemukan. Silakan login terlebih dahulu. {"code":401,"message":"Token tidak ditemukan. Silakan login terlebih dahulu.","isSuccess":false}
2025-11-27 15:27:38 [ERROR]: POST /guru: Token tidak ditemukan. Silakan login terlebih dahulu. {"code":401,"message":"Token tidak ditemukan. Silakan login terlebih dahulu.","isSuccess":false}
2025-11-27 15:27:42 [ERROR]: POST /mapel: Token tidak ditemukan. Silakan login terlebih dahulu. {"code":401,"message":"Token tidak ditemukan. Silakan login terlebih dahulu.","isSuccess":false}
2025-11-27 15:27:42 [ERROR]: POST /ruangan: Token tidak ditemukan. Silakan login terlebih dahulu. {"code":401,"message":"Token tidak ditemukan. Silakan login terlebih dahulu.","isSuccess":false}
2025-11-27 15:27:42 [ERROR]: POST /mapel: Token tidak ditemukan. Silakan login terlebih dahulu. {"code":401,"message":"Token tidak ditemukan. Silakan login terlebih dahulu.","isSuccess":false}
2025-11-27 15:27:42 [ERROR]: POST /tahun-ajaran: Token tidak ditemukan. Silakan login terlebih dahulu. {"code":401,"message":"Token tidak ditemukan. Silakan login terlebih dahulu.","isSuccess":false}
2025-11-27 15:27:42 [ERROR]: POST /mapel: Token tidak ditemukan. Silakan login terlebih dahulu. {"code":401,"message":"Token tidak ditemukan. Silakan login terlebih dahulu.","isSuccess":false}
2025-11-27 15:27:42 [ERROR]: POST /ruangan: Token tidak ditemukan. Silakan login terlebih dahulu. {"code":401,"message":"Token tidak ditemukan. Silakan login terlebih dahulu.","isSuccess":false}
2025-11-27 15:27:42 [ERROR]: POST /tahun-ajaran: Token tidak ditemukan. Silakan login terlebih dahulu. {"code":401,"message":"Token tidak ditemukan. Silakan login terlebih dahulu.","isSuccess":false}
2025-11-27 15:27:42 [ERROR]: POST /ruangan: Token tidak ditemukan. Silakan login terlebih dahulu. {"code":401,"message":"Token tidak ditemukan. Silakan login terlebih dahulu.","isSuccess":false}
2025-11-27 15:28:14 [ERROR]: POST /auth/signin: Username dan password dibutuhkan {"code":400,"message":"Username dan password dibutuhkan","isSuccess":false}
2025-11-27 15:28:14 [ERROR]: POST /siswa: Token tidak ditemukan. Silakan login terlebih dahulu. {"code":401,"message":"Token tidak ditemukan. Silakan login terlebih dahulu.","isSuccess":false}
2025-11-27 15:28:14 [ERROR]: POST /guru: Token tidak ditemukan. Silakan login terlebih dahulu. {"code":401,"message":"Token tidak ditemukan. Silakan login terlebih dahulu.","isSuccess":false}
2025-11-27 15:28:14 [ERROR]: POST /guru: Token tidak ditemukan. Silakan login terlebih dahulu. {"code":401,"message":"Token tidak ditemukan. Silakan login terlebih dahulu.","isSuccess":false}
2025-11-27 15:28:14 [ERROR]: POST /auth/signin: Username dan password dibutuhkan {"code":400,"message":"Username dan password dibutuhkan","isSuccess":false}
2025-11-27 15:28:14 [ERROR]: POST /siswa: Token tidak ditemukan. Silakan login terlebih dahulu. {"code":401,"message":"Token tidak ditemukan. Silakan login terlebih dahulu.","isSuccess":false}
2025-11-27 15:28:14 [ERROR]: POST /guru: Token tidak ditemukan. Silakan login terlebih dahulu. {"code":401,"message":"Token tidak ditemukan. Silakan login terlebih dahulu.","isSuccess":false}
2025-11-27 15:28:14 [ERROR]: POST /siswa: Token tidak ditemukan. Silakan login terlebih dahulu. {"code":401,"message":"Token tidak ditemukan. Silakan login terlebih dahulu.","isSuccess":false}
2025-11-27 15:28:18 [ERROR]: POST /tahun-ajaran: Token tidak ditemukan. Silakan login terlebih dahulu. {"code":401,"message":"Token tidak ditemukan. Silakan login terlebih dahulu.","isSuccess":false}
2025-11-27 15:28:18 [ERROR]: POST /mapel: Token tidak ditemukan. Silakan login terlebih dahulu. {"code":401,"message":"Token tidak ditemukan. Silakan login terlebih dahulu.","isSuccess":false}
2025-11-27 15:28:18 [ERROR]: POST /tahun-ajaran: Token tidak ditemukan. Silakan login terlebih dahulu. {"code":401,"message":"Token tidak ditemukan. Silakan login terlebih dahulu.","isSuccess":false}
2025-11-27 15:28:18 [ERROR]: POST /mapel: Token tidak ditemukan. Silakan login terlebih dahulu. {"code":401,"message":"Token tidak ditemukan. Silakan login terlebih dahulu.","isSuccess":false}
2025-11-27 15:28:18 [ERROR]: POST /mapel: Token tidak ditemukan. Silakan login terlebih dahulu. {"code":401,"message":"Token tidak ditemukan. Silakan login terlebih dahulu.","isSuccess":false}
2025-11-27 15:28:18 [ERROR]: POST /ruangan: Token tidak ditemukan. Silakan login terlebih dahulu. {"code":401,"message":"Token tidak ditemukan. Silakan login terlebih dahulu.","isSuccess":false}
2025-11-27 15:28:18 [ERROR]: POST /ruangan: Token tidak ditemukan. Silakan login terlebih dahulu. {"code":401,"message":"Token tidak ditemukan. Silakan login terlebih dahulu.","isSuccess":false}
2025-11-27 15:28:18 [ERROR]: POST /ruangan: Token tidak ditemukan. Silakan login terlebih dahulu. {"code":401,"message":"Token tidak ditemukan. Silakan login terlebih dahulu.","isSuccess":false}
2025-11-27 15:28:27 [ERROR]: POST /auth/signin: Username dan password dibutuhkan {"code":400,"message":"Username dan password dibutuhkan","isSuccess":false}
2025-11-27 15:28:28 [ERROR]: POST /auth/signin: Username dan password dibutuhkan {"code":400,"message":"Username dan password dibutuhkan","isSuccess":false}
2025-11-27 15:29:03 [ERROR]: POST /siswa: Token tidak ditemukan. Silakan login terlebih dahulu. {"code":401,"message":"Token tidak ditemukan. Silakan login terlebih dahulu.","isSuccess":false}
2025-11-27 15:29:03 [ERROR]: POST /auth/signin: Username dan password dibutuhkan {"code":400,"message":"Username dan password dibutuhkan","isSuccess":false}
2025-11-27 15:29:03 [ERROR]: POST /guru: Token tidak ditemukan. Silakan login terlebih dahulu. {"code":401,"message":"Token tidak ditemukan. Silakan login terlebih dahulu.","isSuccess":false}
2025-11-27 15:29:03 [ERROR]: POST /siswa: Token tidak ditemukan. Silakan login terlebih dahulu. {"code":401,"message":"Token tidak ditemukan. Silakan login terlebih dahulu.","isSuccess":false}
2025-11-27 15:29:03 [ERROR]: POST /auth/signin: Username dan password dibutuhkan {"code":400,"message":"Username dan password dibutuhkan","isSuccess":false}
2025-11-27 15:29:03 [ERROR]: POST /siswa: Token tidak ditemukan. Silakan login terlebih dahulu. {"code":401,"message":"Token tidak ditemukan. Silakan login terlebih dahulu.","isSuccess":false}
2025-11-27 15:29:03 [ERROR]: POST /guru: Token tidak ditemukan. Silakan login terlebih dahulu. {"code":401,"message":"Token tidak ditemukan. Silakan login terlebih dahulu.","isSuccess":false}
2025-11-27 15:29:03 [ERROR]: POST /guru: Token tidak ditemukan. Silakan login terlebih dahulu. {"code":401,"message":"Token tidak ditemukan. Silakan login terlebih dahulu.","isSuccess":false}
2025-11-27 15:29:07 [ERROR]: POST /tahun-ajaran: Token tidak ditemukan. Silakan login terlebih dahulu. {"code":401,"message":"Token tidak ditemukan. Silakan login terlebih dahulu.","isSuccess":false}
2025-11-27 15:29:07 [ERROR]: POST /tahun-ajaran: Token tidak ditemukan. Silakan login terlebih dahulu. {"code":401,"message":"Token tidak ditemukan. Silakan login terlebih dahulu.","isSuccess":false}
2025-11-27 15:29:07 [ERROR]: POST /mapel: Token tidak ditemukan. Silakan login terlebih dahulu. {"code":401,"message":"Token tidak ditemukan. Silakan login terlebih dahulu.","isSuccess":false}
2025-11-27 15:29:07 [ERROR]: POST /mapel: Token tidak ditemukan. Silakan login terlebih dahulu. {"code":401,"message":"Token tidak ditemukan. Silakan login terlebih dahulu.","isSuccess":false}
2025-11-27 15:29:07 [ERROR]: POST /mapel: Token tidak ditemukan. Silakan login terlebih dahulu. {"code":401,"message":"Token tidak ditemukan. Silakan login terlebih dahulu.","isSuccess":false}
2025-11-27 15:29:07 [ERROR]: POST /ruangan: Token tidak ditemukan. Silakan login terlebih dahulu. {"code":401,"message":"Token tidak ditemukan. Silakan login terlebih dahulu.","isSuccess":false}
2025-11-27 15:29:07 [ERROR]: POST /ruangan: Token tidak ditemukan. Silakan login terlebih dahulu. {"code":401,"message":"Token tidak ditemukan. Silakan login terlebih dahulu.","isSuccess":false}
2025-11-27 15:29:07 [ERROR]: POST /ruangan: Token tidak ditemukan. Silakan login terlebih dahulu. {"code":401,"message":"Token tidak ditemukan. Silakan login terlebih dahulu.","isSuccess":false}
2025-11-27 15:29:08 [ERROR]: POST /pengumuman: Token tidak ditemukan. Silakan login terlebih dahulu. {"code":401,"message":"Token tidak ditemukan. Silakan login terlebih dahulu.","isSuccess":false}
2025-11-27 15:29:08 [ERROR]: POST /pengumuman: Token tidak ditemukan. Silakan login terlebih dahulu. {"code":401,"message":"Token tidak ditemukan. Silakan login terlebih dahulu.","isSuccess":false}
2025-11-27 15:33:49 [ERROR]: POST /auth/signin: Akun tidak ditemukan {"code":404,"message":"Akun tidak ditemukan","isSuccess":false}
2025-11-27 15:33:49 [ERROR]: POST /auth/signin: Akun tidak ditemukan {"code":404,"message":"Akun tidak ditemukan","isSuccess":false}
2025-11-27 15:33:49 [ERROR]: POST /auth/signin: Akun tidak ditemukan {"code":404,"message":"Akun tidak ditemukan","isSuccess":false}
2025-11-27 15:33:49 [ERROR]: POST /auth/signin: Akun tidak ditemukan {"code":404,"message":"Akun tidak ditemukan","isSuccess":false}
2025-11-27 15:33:49 [ERROR]: POST /auth/signin: Akun tidak ditemukan {"code":404,"message":"Akun tidak ditemukan","isSuccess":false}
2025-11-27 15:33:50 [ERROR]: POST /auth/signin: Akun tidak ditemukan {"code":404,"message":"Akun tidak ditemukan","isSuccess":false}
2025-11-27 15:33:50 [ERROR]: POST /auth/signin: Akun tidak ditemukan {"code":404,"message":"Akun tidak ditemukan","isSuccess":false}
2025-11-27 15:33:50 [ERROR]: POST /auth/signin: Akun tidak ditemukan {"code":404,"message":"Akun tidak ditemukan","isSuccess":false}
2025-11-27 15:33:50 [ERROR]: POST /auth/signin: Akun tidak ditemukan {"code":404,"message":"Akun tidak ditemukan","isSuccess":false}
2025-11-27 15:33:51 [ERROR]: POST /auth/signin: Akun tidak ditemukan {"code":404,"message":"Akun tidak ditemukan","isSuccess":false}
2025-11-27 15:35:55 [ERROR]: POST /auth/signin: Akun tidak ditemukan {"code":404,"message":"Akun tidak ditemukan","isSuccess":false}
2025-11-27 15:35:56 [ERROR]: POST /auth/signin: Akun tidak ditemukan {"code":404,"message":"Akun tidak ditemukan","isSuccess":false}
2025-11-27 15:36:58 [ERROR]: POST /auth/signin: Akun tidak ditemukan {"code":404,"message":"Akun tidak ditemukan","isSuccess":false}
2025-11-27 15:36:58 [ERROR]: POST /auth/signin: Akun tidak ditemukan {"code":404,"message":"Akun tidak ditemukan","isSuccess":false}
2025-11-27 15:36:58 [ERROR]: POST /auth/signin: Akun tidak ditemukan {"code":404,"message":"Akun tidak ditemukan","isSuccess":false}
2025-11-27 15:36:58 [ERROR]: POST /auth/signin: Akun tidak ditemukan {"code":404,"message":"Akun tidak ditemukan","isSuccess":false}
2025-11-27 15:36:58 [ERROR]: POST /auth/signin: Akun tidak ditemukan {"code":404,"message":"Akun tidak ditemukan","isSuccess":false}
2025-11-27 15:36:59 [ERROR]: POST /auth/signin: Akun tidak ditemukan {"code":404,"message":"Akun tidak ditemukan","isSuccess":false}
2025-11-27 15:36:59 [ERROR]: POST /auth/signin: Akun tidak ditemukan {"code":404,"message":"Akun tidak ditemukan","isSuccess":false}
2025-11-27 15:36:59 [ERROR]: POST /auth/signin: Akun tidak ditemukan {"code":404,"message":"Akun tidak ditemukan","isSuccess":false}
2025-11-27 15:36:59 [ERROR]: POST /auth/signin: Akun tidak ditemukan {"code":404,"message":"Akun tidak ditemukan","isSuccess":false}
2025-11-27 15:37:00 [ERROR]: POST /auth/signin: Akun tidak ditemukan {"code":404,"message":"Akun tidak ditemukan","isSuccess":false}
2025-11-27 15:37:00 [ERROR]: POST /auth/signin: Akun tidak ditemukan {"code":404,"message":"Akun tidak ditemukan","isSuccess":false}
2025-11-27 15:37:00 [ERROR]: POST /auth/signin: Akun tidak ditemukan {"code":404,"message":"Akun tidak ditemukan","isSuccess":false}
2025-11-27 15:37:00 [ERROR]: POST /auth/signin: Akun tidak ditemukan {"code":404,"message":"Akun tidak ditemukan","isSuccess":false}
2025-11-27 15:37:01 [ERROR]: POST /auth/signin: Akun tidak ditemukan {"code":404,"message":"Akun tidak ditemukan","isSuccess":false}
2025-11-27 15:37:01 [ERROR]: POST /auth/signin: Akun tidak ditemukan {"code":404,"message":"Akun tidak ditemukan","isSuccess":false}
2025-11-27 15:37:01 [ERROR]: POST /auth/signin: Akun tidak ditemukan {"code":404,"message":"Akun tidak ditemukan","isSuccess":false}
2025-11-27 15:37:43 [ERROR]: POST /auth/signin: Akun tidak ditemukan {"code":404,"message":"Akun tidak ditemukan","isSuccess":false}
2025-11-27 15:37:44 [ERROR]: POST /auth/signin: Akun tidak ditemukan {"code":404,"message":"Akun tidak ditemukan","isSuccess":false}
2025-11-27 15:40:13 [ERROR]: POST /auth/signin: Password salah {"code":400,"message":"Password salah","isSuccess":false}
2025-11-27 15:40:14 [ERROR]: POST /auth/signin: Akun tidak ditemukan {"code":404,"message":"Akun tidak ditemukan","isSuccess":false}
2025-11-27 15:40:56 [ERROR]: POST /auth/signin: Password salah {"code":400,"message":"Password salah","isSuccess":false}
2025-11-27 15:40:59 [ERROR]: POST /auth/signin: Akun tidak ditemukan {"code":404,"message":"Akun tidak ditemukan","isSuccess":false}
2025-11-27 15:41:15 [ERROR]: POST /auth/signin: Password salah {"code":400,"message":"Password salah","isSuccess":false}
2025-11-27 15:41:16 [ERROR]: POST /auth/signin: Akun tidak ditemukan {"code":404,"message":"Akun tidak ditemukan","isSuccess":false}
2025-11-27 15:42:05 [ERROR]: POST /auth/signin: Password salah {"code":400,"message":"Password salah","isSuccess":false}
2025-11-27 15:42:06 [ERROR]: POST /auth/signin: Akun tidak ditemukan {"code":404,"message":"Akun tidak ditemukan","isSuccess":false}
2025-11-27 15:42:48 [ERROR]: POST /auth/signin: Password salah {"code":400,"message":"Password salah","isSuccess":false}
2025-11-27 15:42:50 [ERROR]: POST /auth/signin: Akun tidak ditemukan {"code":404,"message":"Akun tidak ditemukan","isSuccess":false}
2025-11-27 15:43:52 [ERROR]: POST /auth/signin: Password salah {"code":400,"message":"Password salah","isSuccess":false}
2025-11-27 15:43:53 [ERROR]: POST /auth/signin: Akun tidak ditemukan {"code":404,"message":"Akun tidak ditemukan","isSuccess":false}
2025-11-27 15:44:22 [ERROR]: POST /auth/signin: Password salah {"code":400,"message":"Password salah","isSuccess":false}
2025-11-27 15:44:24 [ERROR]: POST /auth/signin: Akun tidak ditemukan {"code":404,"message":"Akun tidak ditemukan","isSuccess":false}
2025-11-27 15:54:19 [ERROR]: POST /absensi/sesi: Akses ditolak. Hanya Guru yang dapat mengakses. {"code":403,"message":"Akses ditolak. Hanya Guru yang dapat mengakses.","isSuccess":false}
2025-11-27 15:54:23 [ERROR]: POST /absensi/sesi: Akses ditolak. Hanya Guru yang dapat mengakses. {"code":403,"message":"Akses ditolak. Hanya Guru yang dapat mengakses.","isSuccess":false}
2025-11-27 15:56:14 [ERROR]: POST /absensi/sesi: Akses ditolak. Hanya Guru yang dapat mengakses. {"code":403,"message":"Akses ditolak. Hanya Guru yang dapat mengakses.","isSuccess":false}
2025-11-27 15:56:18 [ERROR]: POST /absensi/sesi: Akses ditolak. Hanya Guru yang dapat mengakses. {"code":403,"message":"Akses ditolak. Hanya Guru yang dapat mengakses.","isSuccess":false}
2025-11-27 15:59:13 [ERROR]: POST /absensi/sesi: Guru tidak terdaftar mengajar di kelas ini. Tidak bisa membuat sesi. {"code":403,"message":"Guru tidak terdaftar mengajar di kelas ini. Tidak bisa membuat sesi.","isSuccess":false}
2025-11-27 16:01:05 [ERROR]: POST /absensi/sesi: Guru tidak terdaftar mengajar di kelas ini. Tidak bisa membuat sesi. {"code":403,"message":"Guru tidak terdaftar mengajar di kelas ini. Tidak bisa membuat sesi.","isSuccess":false}
2025-11-27 16:04:44 [ERROR]: POST /absensi/sesi: Guru tidak terdaftar mengajar di kelas ini. Tidak bisa membuat sesi. {"code":403,"message":"Guru tidak terdaftar mengajar di kelas ini. Tidak bisa membuat sesi.","isSuccess":false}
2025-11-27 16:18:22 [ERROR]: POST /auth/signin: Password salah {"code":400,"message":"Password salah","isSuccess":false}
2025-11-27 16:18:23 [ERROR]: POST /auth/signin: Akun tidak ditemukan {"code":404,"message":"Akun tidak ditemukan","isSuccess":false}
