2026-01-23 18:21:32 [INFO]: API Running: http://localhost:2020
2026-01-23 18:47:16 [INFO]: API Running: http://localhost:2020
2026-01-23 18:47:33 [INFO]: POST /api/auth/signin
2026-01-23 18:47:34 [INFO]: GET /api/siswa
2026-01-23 18:47:34 [INFO]: Fetching all siswa - Page: 1, Limit: 1, Search: 
2026-01-23 18:47:34 [INFO]: Fetching all siswa - Page: 1, Limit: 1, Search: 
2026-01-23 18:47:34 [INFO]: GET /api/siswa
2026-01-23 18:47:34 [INFO]: GET /api/guru
2026-01-23 18:47:34 [INFO]: Fetching all siswa - Page: 1, Limit: 1, Search: 
2026-01-23 18:47:34 [INFO]: Fetching all siswa - Page: 1, Limit: 1, Search: 
2026-01-23 18:47:34 [INFO]: Fetching all guru - Page: 1, Limit: 1, Search: 
2026-01-23 18:47:34 [INFO]: Fetching all guru - Page: 1, Limit: 1, Search: 
2026-01-23 18:47:34 [INFO]: GET /api/guru
2026-01-23 18:47:35 [INFO]: GET /api/tahun-ajaran
2026-01-23 18:47:35 [INFO]: Fetching all guru - Page: 1, Limit: 1, Search: 
2026-01-23 18:47:35 [INFO]: Fetching all guru - Page: 1, Limit: 1, Search: 
2026-01-23 18:47:35 [INFO]: Fetching all tahun ajaran
2026-01-23 18:47:35 [INFO]: GET /api/kelas
2026-01-23 18:47:35 [INFO]: GET /api/tahun-ajaran
2026-01-23 18:47:35 [INFO]: Fetching all kelas, search: 
2026-01-23 18:47:35 [INFO]: Fetching all tahun ajaran
2026-01-23 18:47:35 [INFO]: GET /api/kelas
2026-01-23 18:47:35 [INFO]: Fetching all kelas, search: 
2026-01-23 18:47:37 [INFO]: GET /api/guru
2026-01-23 18:47:37 [INFO]: Fetching all guru - Page: 1, Limit: 10, Search: 
2026-01-23 18:47:37 [INFO]: Fetching all guru - Page: 1, Limit: 10, Search: 
2026-01-23 18:47:37 [INFO]: GET /api/guru
2026-01-23 18:47:37 [INFO]: Fetching all guru - Page: 1, Limit: 10, Search: 
2026-01-23 18:47:37 [INFO]: Fetching all guru - Page: 1, Limit: 10, Search: 
2026-01-23 18:47:38 [INFO]: GET /api/mapel
2026-01-23 18:47:38 [INFO]: Fetching all mata pelajaran, search: 
2026-01-23 18:47:39 [INFO]: GET /api/mapel
2026-01-23 18:47:39 [INFO]: Fetching all mata pelajaran, search: 
2026-01-23 18:47:40 [INFO]: GET /api/mapel
2026-01-23 18:47:40 [INFO]: GET /api/jadwal
2026-01-23 18:47:40 [INFO]: GET /api/kelas
2026-01-23 18:47:40 [INFO]: GET /api/guru
2026-01-23 18:47:40 [INFO]: GET /api/ruangan
2026-01-23 18:47:40 [INFO]: GET /api/tahun-ajaran
2026-01-23 18:47:40 [INFO]: Fetching all mata pelajaran, search: 
2026-01-23 18:47:40 [INFO]: Fetching all jadwal
2026-01-23 18:47:40 [INFO]: Fetching all kelas, search: 
2026-01-23 18:47:40 [INFO]: Mencoba mengambil semua data ruangan
2026-01-23 18:47:40 [INFO]: Fetching all guru - Page: 1, Limit: 100, Search: 
2026-01-23 18:47:40 [INFO]: Fetching all guru - Page: 1, Limit: 100, Search: 
2026-01-23 18:47:40 [INFO]: Fetching all tahun ajaran
2026-01-23 18:47:40 [INFO]: GET /api/kelas
2026-01-23 18:47:40 [INFO]: Fetching all kelas, search: 
2026-01-23 18:47:40 [INFO]: GET /api/mapel
2026-01-23 18:47:40 [INFO]: GET /api/tahun-ajaran
2026-01-23 18:47:40 [INFO]: GET /api/ruangan
2026-01-23 18:47:40 [INFO]: Fetching all mata pelajaran, search: 
2026-01-23 18:47:40 [INFO]: Fetching all tahun ajaran
2026-01-23 18:47:40 [INFO]: Mencoba mengambil semua data ruangan
2026-01-23 18:47:40 [INFO]: GET /api/guru
2026-01-23 18:47:40 [INFO]: Fetching all guru - Page: 1, Limit: 100, Search: 
2026-01-23 18:47:40 [INFO]: Fetching all guru - Page: 1, Limit: 100, Search: 
2026-01-23 18:47:40 [INFO]: GET /api/jadwal
2026-01-23 18:47:40 [INFO]: Fetching all jadwal
2026-01-23 18:47:40 [INFO]: GET /api/kelas
2026-01-23 18:47:40 [INFO]: GET /api/guru
2026-01-23 18:47:40 [INFO]: GET /api/tingkatan
2026-01-23 18:47:40 [INFO]: Fetching all kelas, search: 
2026-01-23 18:47:40 [INFO]: Fetching all guru - Page: 1, Limit: 100, Search: 
2026-01-23 18:47:40 [INFO]: Fetching all guru - Page: 1, Limit: 100, Search: 
2026-01-23 18:47:40 [INFO]: Fetching all tingkatan
2026-01-23 18:47:40 [INFO]: GET /api/tingkatan
2026-01-23 18:47:40 [INFO]: Fetching all tingkatan
2026-01-23 18:47:40 [INFO]: GET /api/kelas
2026-01-23 18:47:40 [INFO]: GET /api/guru
2026-01-23 18:47:40 [INFO]: Fetching all kelas, search: 
2026-01-23 18:47:40 [INFO]: Fetching all guru - Page: 1, Limit: 100, Search: 
2026-01-23 18:47:40 [INFO]: Fetching all guru - Page: 1, Limit: 100, Search: 
2026-01-23 18:47:41 [INFO]: GET /api/jadwal
2026-01-23 18:47:41 [INFO]: GET /api/kelas
2026-01-23 18:47:41 [INFO]: GET /api/guru
2026-01-23 18:47:41 [INFO]: GET /api/mapel
2026-01-23 18:47:41 [INFO]: GET /api/ruangan
2026-01-23 18:47:41 [INFO]: GET /api/tahun-ajaran
2026-01-23 18:47:41 [INFO]: Fetching all jadwal
2026-01-23 18:47:41 [INFO]: Fetching all kelas, search: 
2026-01-23 18:47:41 [INFO]: Fetching all mata pelajaran, search: 
2026-01-23 18:47:41 [INFO]: Fetching all guru - Page: 1, Limit: 100, Search: 
2026-01-23 18:47:41 [INFO]: Fetching all guru - Page: 1, Limit: 100, Search: 
2026-01-23 18:47:41 [INFO]: Mencoba mengambil semua data ruangan
2026-01-23 18:47:41 [INFO]: Fetching all tahun ajaran
2026-01-23 18:47:41 [INFO]: GET /api/mapel
2026-01-23 18:47:41 [INFO]: GET /api/tahun-ajaran
2026-01-23 18:47:41 [INFO]: Fetching all mata pelajaran, search: 
2026-01-23 18:47:41 [INFO]: GET /api/ruangan
2026-01-23 18:47:41 [INFO]: Fetching all tahun ajaran
2026-01-23 18:47:41 [INFO]: Mencoba mengambil semua data ruangan
2026-01-23 18:47:41 [INFO]: GET /api/guru
2026-01-23 18:47:41 [INFO]: Fetching all guru - Page: 1, Limit: 100, Search: 
2026-01-23 18:47:41 [INFO]: Fetching all guru - Page: 1, Limit: 100, Search: 
2026-01-23 18:47:41 [INFO]: GET /api/kelas
2026-01-23 18:47:41 [INFO]: Fetching all kelas, search: 
2026-01-23 18:47:41 [INFO]: GET /api/jadwal
2026-01-23 18:47:41 [INFO]: Fetching all jadwal
2026-01-23 18:47:44 [INFO]: GET /api/tingkatan
2026-01-23 18:47:44 [INFO]: Fetching all tingkatan
2026-01-23 18:47:44 [INFO]: GET /api/tingkatan
2026-01-23 18:47:44 [INFO]: Fetching all tingkatan
2026-01-23 18:47:45 [INFO]: GET /api/ruangan
2026-01-23 18:47:45 [INFO]: Mencoba mengambil semua data ruangan
2026-01-23 18:47:45 [INFO]: GET /api/ruangan
2026-01-23 18:47:45 [INFO]: Mencoba mengambil semua data ruangan
2026-01-23 18:47:46 [INFO]: GET /api/pengumuman
2026-01-23 18:47:46 [INFO]: Fetching all pengumuman - Page: 1, Limit: 50, Search: 
2026-01-23 18:47:46 [INFO]: GET /api/pengumuman
2026-01-23 18:47:46 [INFO]: Fetching all pengumuman - Page: 1, Limit: 50, Search: 
2026-01-23 18:50:14 [INFO]: API Running: http://localhost:2020
2026-01-23 18:57:37 [INFO]: API Running: http://localhost:2020
2026-01-23 18:58:36 [INFO]: GET /api/pengumuman
2026-01-23 18:58:36 [INFO]: Fetching all pengumuman - Page: 1, Limit: 50, Search: 
2026-01-23 18:58:36 [INFO]: GET /api/pengumuman
2026-01-23 18:58:36 [INFO]: Fetching all pengumuman - Page: 1, Limit: 50, Search: 
2026-01-23 18:58:57 [INFO]: GET /api/mapel
2026-01-23 18:58:57 [INFO]: Fetching all mata pelajaran, search: 
2026-01-23 18:58:57 [INFO]: GET /api/mapel
2026-01-23 18:58:57 [INFO]: Fetching all mata pelajaran, search: 
2026-01-23 18:58:58 [INFO]: GET /api/kelas
2026-01-23 18:58:58 [INFO]: GET /api/guru
2026-01-23 18:58:58 [INFO]: GET /api/tingkatan
2026-01-23 18:58:58 [INFO]: Fetching all kelas, search: 
2026-01-23 18:58:58 [INFO]: Fetching all tingkatan
2026-01-23 18:58:58 [INFO]: GET /api/kelas
2026-01-23 18:58:58 [INFO]: Fetching all guru - Page: 1, Limit: 100, Search: 
2026-01-23 18:58:58 [INFO]: Fetching all guru - Page: 1, Limit: 100, Search: 
2026-01-23 18:58:58 [INFO]: Fetching all kelas, search: 
2026-01-23 18:58:58 [INFO]: GET /api/tingkatan
2026-01-23 18:58:58 [INFO]: Fetching all tingkatan
2026-01-23 18:58:58 [INFO]: GET /api/guru
2026-01-23 18:58:58 [INFO]: Fetching all guru - Page: 1, Limit: 100, Search: 
2026-01-23 18:58:58 [INFO]: Fetching all guru - Page: 1, Limit: 100, Search: 
